JaPetnese-Android/app/build/intermediates/manifest_merge_blame_file/debug/manifest-merger-blame-debug-report.txt
1<?xml version="1.0" encoding="utf-8"?>
2<manifest xmlns:android="http://schemas.android.com/apk/res/android"
3    package="com.japetnese.app"
4    android:versionCode="1"
5    android:versionName="1.0" >
6
7    <uses-sdk
8        android:minSdkVersion="26"
9        android:targetSdkVersion="34" />
10
11    <permission
11-->[androidx.core:core:1.12.0] AndroidManifest.xml:22:5-24:47
12        android:name="com.japetnese.app.DYNAMIC_RECEIVER_NOT_EXPORTED_PERMISSION"
12-->[androidx.core:core:1.12.0] AndroidManifest.xml:23:9-81
13        android:protectionLevel="signature" />
13-->[androidx.core:core:1.12.0] AndroidManifest.xml:24:9-44
14
15    <uses-permission android:name="com.japetnese.app.DYNAMIC_RECEIVER_NOT_EXPORTED_PERMISSION" />
15-->[androidx.core:core:1.12.0] AndroidManifest.xml:26:5-97
15-->[androidx.core:core:1.12.0] AndroidManifest.xml:26:22-94
16
17    <application
17-->src/main/AndroidManifest.xml:4:5-57:19
18        android:allowBackup="true"
18-->src/main/AndroidManifest.xml:5:9-35
19        android:appComponentFactory="androidx.core.app.CoreComponentFactory"
19-->[androidx.core:core:1.12.0] AndroidManifest.xml:28:18-86
20        android:debuggable="true"
21        android:extractNativeLibs="false"
22        android:icon="@mipmap/ic_launcher"
22-->src/main/AndroidManifest.xml:6:9-43
23        android:label="JaPetnese"
23-->src/main/AndroidManifest.xml:7:9-34
24        android:supportsRtl="true"
24-->src/main/AndroidManifest.xml:8:9-35
25        android:theme="@style/Theme.JaPetnese" >
25-->src/main/AndroidManifest.xml:9:9-47
26        <activity
26-->src/main/AndroidManifest.xml:11:9-19:20
27            android:name="com.japetnese.app.MainActivity"
27-->src/main/AndroidManifest.xml:12:13-41
28            android:exported="true"
28-->src/main/AndroidManifest.xml:13:13-36
29            android:theme="@style/Theme.JaPetnese" >
29-->src/main/AndroidManifest.xml:14:13-51
30            <intent-filter>
30-->src/main/AndroidManifest.xml:15:13-18:29
31                <action android:name="android.intent.action.MAIN" />
31-->src/main/AndroidManifest.xml:16:17-69
31-->src/main/AndroidManifest.xml:16:25-66
32
33                <category android:name="android.intent.category.LAUNCHER" />
33-->src/main/AndroidManifest.xml:17:17-77
33-->src/main/AndroidManifest.xml:17:27-74
34            </intent-filter>
35        </activity>
36
37        <!-- Clock + Pet Widget -->
38        <receiver
38-->src/main/AndroidManifest.xml:22:9-31:20
39            android:name="com.japetnese.app.widget.ClockPetWidgetReceiver"
39-->src/main/AndroidManifest.xml:23:13-58
40            android:exported="true" >
40-->src/main/AndroidManifest.xml:24:13-36
41            <intent-filter>
41-->src/main/AndroidManifest.xml:25:13-27:29
42                <action android:name="android.appwidget.action.APPWIDGET_UPDATE" />
42-->src/main/AndroidManifest.xml:26:17-84
42-->src/main/AndroidManifest.xml:26:25-81
43            </intent-filter>
44
45            <meta-data
45-->src/main/AndroidManifest.xml:28:13-30:65
46                android:name="android.appwidget.provider"
46-->src/main/AndroidManifest.xml:29:17-58
47                android:resource="@xml/clock_pet_widget_info" />
47-->src/main/AndroidManifest.xml:30:17-62
48        </receiver>
49
50        <!-- Clock Only Widget -->
51        <receiver
51-->src/main/AndroidManifest.xml:34:9-43:20
52            android:name="com.japetnese.app.widget.ClockWidgetReceiver"
52-->src/main/AndroidManifest.xml:35:13-55
53            android:exported="true" >
53-->src/main/AndroidManifest.xml:36:13-36
54            <intent-filter>
54-->src/main/AndroidManifest.xml:25:13-27:29
55                <action android:name="android.appwidget.action.APPWIDGET_UPDATE" />
55-->src/main/AndroidManifest.xml:26:17-84
55-->src/main/AndroidManifest.xml:26:25-81
56            </intent-filter>
57
58            <meta-data
58-->src/main/AndroidManifest.xml:28:13-30:65
59                android:name="android.appwidget.provider"
59-->src/main/AndroidManifest.xml:29:17-58
60                android:resource="@xml/clock_widget_info" />
60-->src/main/AndroidManifest.xml:30:17-62
61        </receiver>
62
63        <!-- Pet Only Widget -->
64        <receiver
64-->src/main/AndroidManifest.xml:46:9-55:20
65            android:name="com.japetnese.app.widget.PetWidgetReceiver"
65-->src/main/AndroidManifest.xml:47:13-53
66            android:exported="true" >
66-->src/main/AndroidManifest.xml:48:13-36
67            <intent-filter>
67-->src/main/AndroidManifest.xml:25:13-27:29
68                <action android:name="android.appwidget.action.APPWIDGET_UPDATE" />
68-->src/main/AndroidManifest.xml:26:17-84
68-->src/main/AndroidManifest.xml:26:25-81
69            </intent-filter>
70
71            <meta-data
71-->src/main/AndroidManifest.xml:28:13-30:65
72                android:name="android.appwidget.provider"
72-->src/main/AndroidManifest.xml:29:17-58
73                android:resource="@xml/pet_widget_info" />
73-->src/main/AndroidManifest.xml:30:17-62
74        </receiver>
75
76        <activity
76-->[androidx.compose.ui:ui-tooling-android:1.6.0] AndroidManifest.xml:23:9-25:39
77            android:name="androidx.compose.ui.tooling.PreviewActivity"
77-->[androidx.compose.ui:ui-tooling-android:1.6.0] AndroidManifest.xml:24:13-71
78            android:exported="true" />
78-->[androidx.compose.ui:ui-tooling-android:1.6.0] AndroidManifest.xml:25:13-36
79
80        <provider
80-->[androidx.emoji2:emoji2:1.3.0] AndroidManifest.xml:24:9-32:20
81            android:name="androidx.startup.InitializationProvider"
81-->[androidx.emoji2:emoji2:1.3.0] AndroidManifest.xml:25:13-67
82            android:authorities="com.japetnese.app.androidx-startup"
82-->[androidx.emoji2:emoji2:1.3.0] AndroidManifest.xml:26:13-68
83            android:exported="false" >
83-->[androidx.emoji2:emoji2:1.3.0] AndroidManifest.xml:27:13-37
84            <meta-data
84-->[androidx.emoji2:emoji2:1.3.0] AndroidManifest.xml:29:13-31:52
85                android:name="androidx.emoji2.text.EmojiCompatInitializer"
85-->[androidx.emoji2:emoji2:1.3.0] AndroidManifest.xml:30:17-75
86                android:value="androidx.startup" />
86-->[androidx.emoji2:emoji2:1.3.0] AndroidManifest.xml:31:17-49
87            <meta-data
87-->[androidx.lifecycle:lifecycle-process:2.7.0] AndroidManifest.xml:29:13-31:52
88                android:name="androidx.lifecycle.ProcessLifecycleInitializer"
88-->[androidx.lifecycle:lifecycle-process:2.7.0] AndroidManifest.xml:30:17-78
89                android:value="androidx.startup" />
89-->[androidx.lifecycle:lifecycle-process:2.7.0] AndroidManifest.xml:31:17-49
90            <meta-data
90-->[androidx.profileinstaller:profileinstaller:1.3.0] AndroidManifest.xml:29:13-31:52
91                android:name="androidx.profileinstaller.ProfileInstallerInitializer"
91-->[androidx.profileinstaller:profileinstaller:1.3.0] AndroidManifest.xml:30:17-85
92                android:value="androidx.startup" />
92-->[androidx.profileinstaller:profileinstaller:1.3.0] AndroidManifest.xml:31:17-49
93        </provider>
94
95        <receiver
95-->[androidx.profileinstaller:profileinstaller:1.3.0] AndroidManifest.xml:34:9-52:20
96            android:name="androidx.profileinstaller.ProfileInstallReceiver"
96-->[androidx.profileinstaller:profileinstaller:1.3.0] AndroidManifest.xml:35:13-76
97            android:directBootAware="false"
97-->[androidx.profileinstaller:profileinstaller:1.3.0] AndroidManifest.xml:36:13-44
98            android:enabled="true"
98-->[androidx.profileinstaller:profileinstaller:1.3.0] AndroidManifest.xml:37:13-35
99            android:exported="true"
99-->[androidx.profileinstaller:profileinstaller:1.3.0] AndroidManifest.xml:38:13-36
100            android:permission="android.permission.DUMP" >
100-->[androidx.profileinstaller:profileinstaller:1.3.0] AndroidManifest.xml:39:13-57
101            <intent-filter>
101-->[androidx.profileinstaller:profileinstaller:1.3.0] AndroidManifest.xml:40:13-42:29
102                <action android:name="androidx.profileinstaller.action.INSTALL_PROFILE" />
102-->[androidx.profileinstaller:profileinstaller:1.3.0] AndroidManifest.xml:41:17-91
102-->[androidx.profileinstaller:profileinstaller:1.3.0] AndroidManifest.xml:41:25-88
103            </intent-filter>
104            <intent-filter>
104-->[androidx.profileinstaller:profileinstaller:1.3.0] AndroidManifest.xml:43:13-45:29
105                <action android:name="androidx.profileinstaller.action.SKIP_FILE" />
105-->[androidx.profileinstaller:profileinstaller:1.3.0] AndroidManifest.xml:44:17-85
105-->[androidx.profileinstaller:profileinstaller:1.3.0] AndroidManifest.xml:44:25-82
106            </intent-filter>
107            <intent-filter>
107-->[androidx.profileinstaller:profileinstaller:1.3.0] AndroidManifest.xml:46:13-48:29
108                <action android:name="androidx.profileinstaller.action.SAVE_PROFILE" />
108-->[androidx.profileinstaller:profileinstaller:1.3.0] AndroidManifest.xml:47:17-88
108-->[androidx.profileinstaller:profileinstaller:1.3.0] AndroidManifest.xml:47:25-85
109            </intent-filter>
110            <intent-filter>
110-->[androidx.profileinstaller:profileinstaller:1.3.0] AndroidManifest.xml:49:13-51:29
111                <action android:name="androidx.profileinstaller.action.BENCHMARK_OPERATION" />
111-->[androidx.profileinstaller:profileinstaller:1.3.0] AndroidManifest.xml:50:17-95
111-->[androidx.profileinstaller:profileinstaller:1.3.0] AndroidManifest.xml:50:25-92
112            </intent-filter>
113        </receiver>
114    </application>
115
116</manifest>